🔨 Compiling...
   ✓ Compiled to build/
🚀 Running ELSD parser...


── Token Stream ───────────────────────────
INDEX  TOKEN TYPE           TEXT                      LINE:COL
────────────────────────────────────────────────────────────────────────────────
0      GENE                 'gene'                    5:0
1      ID                   'A'                       5:5
2      SEMI                 ';'                       5:6
3      PARENT               'parent'                  6:0
4      ID                   'mom'                     6:7
5      SEMI                 ';'                       6:10
6      PARENT               'parent'                  7:0
7      ID                   'dad'                     7:7
8      SEMI                 ';'                       7:10
9      SET                  'set'                     10:0
10     GENOTYPE             'genotype'                10:4
11     ID                   'A'                       10:13
12     ASSIGN               '='                       10:15
13     STRING_LITERAL       '"Aa"'                    10:17
14     SEMI                 ';'                       10:21
15     CROSS                'cross'                   13:0
16     ID                   'mom'                     13:6
17     CROSS_OP             'x'                       13:10
18     ID                   'dad'                     13:12
19     ARROW                '->'                      13:16
20     ID                   'child'                   13:19
21     RATIO                'ratio'                   13:25
22     NUMBER               '1'                       13:31
23     COMMA                ','                       13:32
24     NUMBER               '1'                       13:34
25     SEMI                 ';'                       13:35
26     FIND                 'find'                    16:0
27     GENOTYPE             'genotype'                16:5
28     ID                   'A'                       16:14
29     SEMI                 ';'                       16:15
30     PROBABILITY          'probability'             17:0
31     GENOTYPE             'genotype'                17:12
32     LPAREN               '('                       17:20
33     ID                   'A'                       17:21
34     RPAREN               ')'                       17:22
35     SEMI                 ';'                       17:23
36     PRINT                'print'                   18:0
37     GENOTYPE             'genotype'                18:6
38     ID                   'A'                       18:15
39     SEMI                 ';'                       18:16
40     PRINT                'print'                   19:0
41     STRING_LITERAL       '"done"'                  19:6
42     SEMI                 ';'                       19:12
43     EOF                  <EOF>                     20:0


═══════════════════════════════════════════
  ELSD Parse Result
═══════════════════════════════════════════
  File   : examples/simple.elsd
  Tokens : 44
  Errors : 0
═══════════════════════════════════════════

✓ Parse successful – no syntax errors.

── Parse Tree (LISP) ──────────────────────

  (program 
    (statementList 
      (statement 
        (declaration 
          (type gene) 
          (idList A) ;)) 
      (statement 
        (declaration 
          (type parent) 
          (idList mom) ;)) 
      (statement 
        (declaration 
          (type parent) 
          (idList dad) ;)) 
      (statement 
        (assignment set 
          (field genotype) A = 
          (expression "Aa") ;)) 
      (statement 
        (computation 
          (crossExpr cross mom x dad -> child ratio 
            (exprList 
              (expression 1) , 
              (expression 1)) ;))) 
      (statement 
        (computation 
          (findExpr find 
            (field genotype) A ;))) 
      (statement 
        (computation 
          (probExpr probability 
            (event genotype 
              ( A )) ;))) 
      (statement 
        (io print 
          (field genotype) A ;)) 
      (statement 
        (io print 
          (exprList 
            (expression "done")) ;))) <EOF>)
